2018-08-14 13:28:33 MySqlDaoFactory.java INFO  MySqlDaoFactory:66 - Getting db properties from file
2018-08-14 13:28:33 MySqlDaoFactory.java INFO  MySqlDaoFactory:72 - Loading db properties done
2018-08-14 13:28:33 MySqlDaoFactory.java INFO  MySqlDaoFactory:77 - Starting JDBC driver registration
2018-08-14 13:28:43 MySqlDaoFactory.java INFO  MySqlDaoFactory:35 - Getting connection...
2018-08-14 13:29:11 MySqlDaoFactory.java INFO  MySqlDaoFactory:66 - Getting db properties from file
2018-08-14 13:29:11 MySqlDaoFactory.java INFO  MySqlDaoFactory:72 - Loading db properties done
2018-08-14 13:29:11 MySqlDaoFactory.java INFO  MySqlDaoFactory:77 - Starting JDBC driver registration
2018-08-14 13:29:12 MySqlDaoFactory.java INFO  MySqlDaoFactory:35 - Getting connection...
2018-08-14 13:29:15 MySqlDaoFactory.java ERROR MySqlDaoFactory:39 - PROBLEM WITH CONNECTION!!!
2018-08-14 13:29:15 MySqlDaoFactory.java ERROR MySqlDaoFactory:40 - Could not create connection to database server.
2018-08-14 13:33:12 MySqlDaoFactory.java INFO  MySqlDaoFactory:66 - Getting db properties from file
2018-08-14 13:33:12 MySqlDaoFactory.java INFO  MySqlDaoFactory:72 - Loading db properties done
2018-08-14 13:33:12 MySqlDaoFactory.java INFO  MySqlDaoFactory:77 - Starting JDBC driver registration
2018-08-14 13:33:12 MySqlDaoFactory.java INFO  MySqlDaoFactory:35 - Getting connection...
2018-08-14 13:33:18 MySqlDaoFactory.java ERROR MySqlDaoFactory:39 - PROBLEM WITH CONNECTION!!!
2018-08-14 13:33:18 MySqlDaoFactory.java ERROR MySqlDaoFactory:40 - Could not create connection to database server.
2018-08-14 13:34:06 MySqlDaoFactory.java INFO  MySqlDaoFactory:66 - Getting db properties from file
2018-08-14 13:34:06 MySqlDaoFactory.java INFO  MySqlDaoFactory:72 - Loading db properties done
2018-08-14 13:34:06 MySqlDaoFactory.java INFO  MySqlDaoFactory:77 - Starting JDBC driver registration
2018-08-14 13:34:06 MySqlDaoFactory.java INFO  MySqlDaoFactory:35 - Getting connection...
2018-08-14 13:35:22 MySqlDaoFactory.java ERROR MySqlDaoFactory:39 - PROBLEM WITH CONNECTION!!!
2018-08-14 13:35:22 MySqlDaoFactory.java ERROR MySqlDaoFactory:40 - Communications link failure

The last packet successfully received from the server was 12 350 milliseconds ago.  The last packet sent successfully to the server was 12 017 milliseconds ago.
2018-08-14 13:46:04 MySqlDaoFactory.java INFO  MySqlDaoFactory:66 - Getting db properties from file
2018-08-14 13:46:04 MySqlDaoFactory.java INFO  MySqlDaoFactory:72 - Loading db properties done
2018-08-14 13:46:04 MySqlDaoFactory.java INFO  MySqlDaoFactory:77 - Starting JDBC driver registration
2018-08-14 13:46:04 MySqlDaoFactory.java INFO  MySqlDaoFactory:35 - Getting connection...
2018-08-14 13:46:08 MySqlDaoFactory.java ERROR MySqlDaoFactory:39 - PROBLEM WITH CONNECTION!!!
2018-08-14 13:46:08 MySqlDaoFactory.java ERROR MySqlDaoFactory:40 - Could not create connection to database server.


2018-08-14 13:47:33 MySqlDaoFactory.java INFO  MySqlDaoFactory:66 - Getting db properties from file
2018-08-14 13:47:33 MySqlDaoFactory.java INFO  MySqlDaoFactory:72 - Loading db properties done
2018-08-14 13:47:33 MySqlDaoFactory.java INFO  MySqlDaoFactory:77 - Starting JDBC driver registration
2018-08-14 13:47:33 MySqlDaoFactory.java INFO  MySqlDaoFactory:35 - Getting connection...
2018-08-14 15:32:34 MySqlDaoFactory.java INFO  MySqlDaoFactory:66 - Getting db properties from file
2018-08-14 15:32:34 MySqlDaoFactory.java INFO  MySqlDaoFactory:72 - Loading db properties done
2018-08-14 15:32:34 MySqlDaoFactory.java INFO  MySqlDaoFactory:77 - Starting JDBC driver registration
2018-08-14 15:32:34 MySqlDaoFactory.java INFO  MySqlDaoFactory:35 - Getting connection...
2018-08-14 15:32:37 MySqlDaoFactory.java ERROR MySqlDaoFactory:39 - PROBLEM WITH CONNECTION!!!
2018-08-14 15:32:37 MySqlDaoFactory.java ERROR MySqlDaoFactory:40 - The server time zone value 'RTZ 2 (çèìà)' is unrecognized or represents more than one time zone. You must configure either the server or JDBC driver (via the serverTimezone configuration property) to use a more specifc time zone value if you want to utilize time zone support.
2018-08-14 15:33:14 MySqlDaoFactory.java INFO  MySqlDaoFactory:66 - Getting db properties from file
2018-08-14 15:33:14 MySqlDaoFactory.java INFO  MySqlDaoFactory:72 - Loading db properties done
2018-08-14 15:33:14 MySqlDaoFactory.java INFO  MySqlDaoFactory:77 - Starting JDBC driver registration
2018-08-14 15:33:14 MySqlDaoFactory.java INFO  MySqlDaoFactory:35 - Getting connection...
2018-08-14 15:33:17 MySqlDaoFactory.java ERROR MySqlDaoFactory:39 - PROBLEM WITH CONNECTION!!!
2018-08-14 15:33:17 MySqlDaoFactory.java ERROR MySqlDaoFactory:40 - The server time zone value 'RTZ 2 (çèìà)' is unrecognized or represents more than one time zone. You must configure either the server or JDBC driver (via the serverTimezone configuration property) to use a more specifc time zone value if you want to utilize time zone support.
2018-08-14 16:09:58 MySqlDaoFactory.java INFO  MySqlDaoFactory:66 - Getting db properties from file
2018-08-14 16:09:58 MySqlDaoFactory.java INFO  MySqlDaoFactory:72 - Loading db properties done
2018-08-14 16:09:58 MySqlDaoFactory.java INFO  MySqlDaoFactory:77 - Starting JDBC driver registration
2018-08-14 16:09:58 MySqlDaoFactory.java INFO  MySqlDaoFactory:35 - Getting connection...
2018-08-14 16:09:59 MySqlDaoFactory.java ERROR MySqlDaoFactory:39 - PROBLEM WITH CONNECTION!!!
2018-08-14 16:09:59 MySqlDaoFactory.java ERROR MySqlDaoFactory:40 - The server time zone value 'RTZ 2 (çèìà)' is unrecognized or represents more than one time zone. You must configure either the server or JDBC driver (via the serverTimezone configuration property) to use a more specifc time zone value if you want to utilize time zone support.
2018-08-14 16:10:38 MySqlDaoFactory.java INFO  MySqlDaoFactory:66 - Getting db properties from file
2018-08-14 16:10:38 MySqlDaoFactory.java INFO  MySqlDaoFactory:72 - Loading db properties done
2018-08-14 16:10:38 MySqlDaoFactory.java INFO  MySqlDaoFactory:77 - Starting JDBC driver registration
2018-08-14 16:10:38 MySqlDaoFactory.java INFO  MySqlDaoFactory:35 - Getting connection...
2018-08-14 16:10:40 MySqlDaoFactory.java ERROR MySqlDaoFactory:39 - PROBLEM WITH CONNECTION!!!
2018-08-14 16:10:40 MySqlDaoFactory.java ERROR MySqlDaoFactory:40 - The server time zone value 'RTZ 2 (çèìà)' is unrecognized or represents more than one time zone. You must configure either the server or JDBC driver (via the serverTimezone configuration property) to use a more specifc time zone value if you want to utilize time zone support.
2018-08-14 16:11:20 MySqlDaoFactory.java INFO  MySqlDaoFactory:66 - Getting db properties from file
2018-08-14 16:11:20 MySqlDaoFactory.java INFO  MySqlDaoFactory:72 - Loading db properties done
2018-08-14 16:11:20 MySqlDaoFactory.java INFO  MySqlDaoFactory:77 - Starting JDBC driver registration
2018-08-14 16:11:20 MySqlDaoFactory.java INFO  MySqlDaoFactory:35 - Getting connection...
2018-08-14 16:11:22 MySqlDaoFactory.java ERROR MySqlDaoFactory:39 - PROBLEM WITH CONNECTION!!!
2018-08-14 16:11:22 MySqlDaoFactory.java ERROR MySqlDaoFactory:40 - The server time zone value 'RTZ 2 (çèìà)' is unrecognized or represents more than one time zone. You must configure either the server or JDBC driver (via the serverTimezone configuration property) to use a more specifc time zone value if you want to utilize time zone support.
2018-08-14 16:55:16 MySqlDaoFactory.java INFO  MySqlDaoFactory:66 - Getting db properties from file
2018-08-14 16:55:16 MySqlDaoFactory.java INFO  MySqlDaoFactory:72 - Loading db properties done
2018-08-14 16:55:16 MySqlDaoFactory.java INFO  MySqlDaoFactory:77 - Starting JDBC driver registration
2018-08-14 16:55:16 MySqlDaoFactory.java ERROR MySqlDaoFactory:80 - Problem with driver registration 
2018-08-14 16:55:16 MySqlDaoFactory.java ERROR MySqlDaoFactory:81 - [Ljava.lang.StackTraceElement;@2de8284b
2018-08-14 16:55:16 MySqlDaoFactory.java INFO  MySqlDaoFactory:35 - Getting connection...
2018-08-14 16:55:20 MySqlDaoFactory.java ERROR MySqlDaoFactory:39 - PROBLEM WITH CONNECTION!!!
2018-08-14 16:55:20 MySqlDaoFactory.java ERROR MySqlDaoFactory:40 - Could not create connection to database server.
2018-08-14 16:55:59 MySqlDaoFactory.java INFO  MySqlDaoFactory:66 - Getting db properties from file
2018-08-14 16:55:59 MySqlDaoFactory.java INFO  MySqlDaoFactory:72 - Loading db properties done
2018-08-14 16:55:59 MySqlDaoFactory.java INFO  MySqlDaoFactory:77 - Starting JDBC driver registration
2018-08-14 16:56:00 MySqlDaoFactory.java INFO  MySqlDaoFactory:35 - Getting connection...
2018-08-14 16:56:02 MySqlDaoFactory.java ERROR MySqlDaoFactory:39 - PROBLEM WITH CONNECTION!!!
2018-08-14 16:56:02 MySqlDaoFactory.java ERROR MySqlDaoFactory:40 - Could not create connection to database server.







2018-08-14 16:56:16 MySqlDaoFactory.java INFO  MySqlDaoFactory:66 - Getting db properties from file
2018-08-14 16:56:16 MySqlDaoFactory.java INFO  MySqlDaoFactory:72 - Loading db properties done
2018-08-14 16:56:16 MySqlDaoFactory.java INFO  MySqlDaoFactory:77 - Starting JDBC driver registration
2018-08-14 16:56:16 MySqlDaoFactory.java INFO  MySqlDaoFactory:35 - Getting connection...
2018-08-14 16:56:20 MySqlDaoFactory.java ERROR MySqlDaoFactory:39 - PROBLEM WITH CONNECTION!!!
2018-08-14 16:56:20 MySqlDaoFactory.java ERROR MySqlDaoFactory:40 - Could not create connection to database server.
2018-08-14 16:57:34 MySqlDaoFactory.java INFO  MySqlDaoFactory:66 - Getting db properties from file
2018-08-14 16:57:34 MySqlDaoFactory.java INFO  MySqlDaoFactory:72 - Loading db properties done
2018-08-14 16:57:34 MySqlDaoFactory.java INFO  MySqlDaoFactory:77 - Starting JDBC driver registration
2018-08-14 16:57:34 MySqlDaoFactory.java INFO  MySqlDaoFactory:35 - Getting connection...
2018-08-14 16:57:37 MySqlDaoFactory.java ERROR MySqlDaoFactory:39 - PROBLEM WITH CONNECTION!!!
2018-08-14 16:57:37 MySqlDaoFactory.java ERROR MySqlDaoFactory:40 - Could not create connection to database server.





2018-08-14 16:57:47 MySqlDaoFactory.java INFO  MySqlDaoFactory:66 - Getting db properties from file
2018-08-14 16:57:47 MySqlDaoFactory.java INFO  MySqlDaoFactory:72 - Loading db properties done
2018-08-14 16:57:47 MySqlDaoFactory.java INFO  MySqlDaoFactory:77 - Starting JDBC driver registration
2018-08-14 16:57:47 MySqlDaoFactory.java INFO  MySqlDaoFactory:35 - Getting connection...
2018-08-14 16:57:49 MySqlDaoFactory.java ERROR MySqlDaoFactory:39 - PROBLEM WITH CONNECTION!!!
2018-08-14 16:57:49 MySqlDaoFactory.java ERROR MySqlDaoFactory:40 - Could not create connection to database server.
2018-08-14 16:58:49 MySqlDaoFactory.java INFO  MySqlDaoFactory:66 - Getting db properties from file
2018-08-14 16:58:49 MySqlDaoFactory.java INFO  MySqlDaoFactory:72 - Loading db properties done
2018-08-14 16:58:49 MySqlDaoFactory.java INFO  MySqlDaoFactory:77 - Starting JDBC driver registration
2018-08-14 16:58:49 MySqlDaoFactory.java INFO  MySqlDaoFactory:35 - Getting connection...
2018-08-14 16:58:52 MySqlDaoFactory.java ERROR MySqlDaoFactory:39 - PROBLEM WITH CONNECTION!!!
2018-08-14 16:58:52 MySqlDaoFactory.java ERROR MySqlDaoFactory:40 - The server time zone value 'RTZ 2 (çèìà)' is unrecognized or represents more than one time zone. You must configure either the server or JDBC driver (via the serverTimezone configuration property) to use a more specifc time zone value if you want to utilize time zone support.
2018-08-14 16:59:41 MySqlDaoFactory.java INFO  MySqlDaoFactory:66 - Getting db properties from file
2018-08-14 16:59:41 MySqlDaoFactory.java INFO  MySqlDaoFactory:72 - Loading db properties done
2018-08-14 16:59:41 MySqlDaoFactory.java INFO  MySqlDaoFactory:77 - Starting JDBC driver registration
2018-08-14 16:59:41 MySqlDaoFactory.java INFO  MySqlDaoFactory:35 - Getting connection...
2018-08-14 16:59:43 MySqlDaoFactory.java ERROR MySqlDaoFactory:39 - PROBLEM WITH CONNECTION!!!
2018-08-14 16:59:43 MySqlDaoFactory.java ERROR MySqlDaoFactory:40 - The server time zone value 'RTZ 2 (çèìà)' is unrecognized or represents more than one time zone. You must configure either the server or JDBC driver (via the serverTimezone configuration property) to use a more specifc time zone value if you want to utilize time zone support.
2018-08-19 23:16:28 MySqlDaoFactory.java INFO  MySqlDaoFactory:66 - Getting db properties from file
2018-08-19 23:16:28 MySqlDaoFactory.java INFO  MySqlDaoFactory:72 - Loading db properties done
2018-08-19 23:16:28 MySqlDaoFactory.java INFO  MySqlDaoFactory:77 - Starting JDBC driver registration
2018-08-19 23:16:28 MySqlDaoFactory.java INFO  MySqlDaoFactory:35 - Getting connection...
2018-08-19 23:16:32 MySqlDaoFactory.java ERROR MySqlDaoFactory:39 - PROBLEM WITH CONNECTION!!!
2018-08-19 23:16:32 MySqlDaoFactory.java ERROR MySqlDaoFactory:40 - Communications link failure

The last packet sent successfully to the server was 0 milliseconds ago. The driver has not received any packets from the server.
2018-08-19 23:57:13 MySqlDaoFactory.java INFO  MySqlDaoFactory:66 - Getting db properties from file
2018-08-19 23:57:13 MySqlDaoFactory.java INFO  MySqlDaoFactory:72 - Loading db properties done
2018-08-19 23:57:13 MySqlDaoFactory.java INFO  MySqlDaoFactory:77 - Starting JDBC driver registration
2018-08-19 23:57:14 MySqlDaoFactory.java INFO  MySqlDaoFactory:35 - Getting connection...
2018-08-19 23:57:17 MySqlDaoFactory.java ERROR MySqlDaoFactory:39 - PROBLEM WITH CONNECTION!!!
2018-08-19 23:57:17 MySqlDaoFactory.java ERROR MySqlDaoFactory:40 - Communications link failure

The last packet sent successfully to the server was 0 milliseconds ago. The driver has not received any packets from the server.
2018-08-19 23:57:34 MySqlDaoFactory.java INFO  MySqlDaoFactory:66 - Getting db properties from file
2018-08-19 23:57:34 MySqlDaoFactory.java INFO  MySqlDaoFactory:72 - Loading db properties done
2018-08-19 23:57:34 MySqlDaoFactory.java INFO  MySqlDaoFactory:77 - Starting JDBC driver registration
2018-08-19 23:57:34 MySqlDaoFactory.java INFO  MySqlDaoFactory:35 - Getting connection...
2018-08-19 23:57:38 MySqlDaoFactory.java ERROR MySqlDaoFactory:39 - PROBLEM WITH CONNECTION!!!
2018-08-19 23:57:38 MySqlDaoFactory.java ERROR MySqlDaoFactory:40 - Communications link failure

The last packet sent successfully to the server was 0 milliseconds ago. The driver has not received any packets from the server.
2018-08-20 00:18:55 MySqlDaoFactory.java INFO  MySqlDaoFactory:66 - Getting db properties from file
2018-08-20 00:18:55 MySqlDaoFactory.java INFO  MySqlDaoFactory:72 - Loading db properties done
2018-08-20 00:18:55 MySqlDaoFactory.java INFO  MySqlDaoFactory:77 - Starting JDBC driver registration
2018-08-20 00:18:55 MySqlDaoFactory.java INFO  MySqlDaoFactory:35 - Getting connection...
2018-08-20 00:18:58 MySqlDaoFactory.java ERROR MySqlDaoFactory:39 - PROBLEM WITH CONNECTION!!!
2018-08-20 00:18:58 MySqlDaoFactory.java ERROR MySqlDaoFactory:40 - Communications link failure

The last packet sent successfully to the server was 0 milliseconds ago. The driver has not received any packets from the server.
2018-08-20 00:26:06 MySqlDaoFactory.java INFO  MySqlDaoFactory:66 - Getting db properties from file
2018-08-20 00:26:07 MySqlDaoFactory.java INFO  MySqlDaoFactory:72 - Loading db properties done
2018-08-20 00:26:07 MySqlDaoFactory.java INFO  MySqlDaoFactory:77 - Starting JDBC driver registration
2018-08-20 00:26:07 MySqlDaoFactory.java INFO  MySqlDaoFactory:35 - Getting connection...
2018-08-20 00:26:10 MySqlDaoFactory.java ERROR MySqlDaoFactory:39 - PROBLEM WITH CONNECTION!!!
2018-08-20 00:26:10 MySqlDaoFactory.java ERROR MySqlDaoFactory:40 - Communications link failure

The last packet sent successfully to the server was 0 milliseconds ago. The driver has not received any packets from the server.
2018-08-20 00:26:24 MySqlDaoFactory.java INFO  MySqlDaoFactory:66 - Getting db properties from file
2018-08-20 00:26:24 MySqlDaoFactory.java INFO  MySqlDaoFactory:72 - Loading db properties done
2018-08-20 00:26:24 MySqlDaoFactory.java INFO  MySqlDaoFactory:77 - Starting JDBC driver registration
2018-08-20 00:26:25 MySqlDaoFactory.java INFO  MySqlDaoFactory:35 - Getting connection...
2018-08-20 00:26:28 MySqlDaoFactory.java ERROR MySqlDaoFactory:39 - PROBLEM WITH CONNECTION!!!
2018-08-20 00:26:28 MySqlDaoFactory.java ERROR MySqlDaoFactory:40 - Communications link failure

The last packet sent successfully to the server was 0 milliseconds ago. The driver has not received any packets from the server.
2018-08-20 00:56:53 MySqlDaoFactory.java INFO  MySqlDaoFactory:66 - Getting db properties from file
2018-08-20 00:56:53 MySqlDaoFactory.java INFO  MySqlDaoFactory:72 - Loading db properties done
2018-08-20 00:56:53 MySqlDaoFactory.java INFO  MySqlDaoFactory:77 - Starting JDBC driver registration
2018-08-20 00:56:53 MySqlDaoFactory.java INFO  MySqlDaoFactory:35 - Getting connection...
2018-08-20 00:56:56 MySqlDaoFactory.java ERROR MySqlDaoFactory:39 - PROBLEM WITH CONNECTION!!!
2018-08-20 00:56:56 MySqlDaoFactory.java ERROR MySqlDaoFactory:40 - Communications link failure

The last packet sent successfully to the server was 0 milliseconds ago. The driver has not received any packets from the server.
2018-08-20 00:57:14 MySqlDaoFactory.java INFO  MySqlDaoFactory:66 - Getting db properties from file
2018-08-20 00:57:14 MySqlDaoFactory.java INFO  MySqlDaoFactory:72 - Loading db properties done
2018-08-20 00:57:14 MySqlDaoFactory.java INFO  MySqlDaoFactory:77 - Starting JDBC driver registration
2018-08-20 00:57:14 MySqlDaoFactory.java INFO  MySqlDaoFactory:35 - Getting connection...
2018-08-20 00:57:17 MySqlDaoFactory.java ERROR MySqlDaoFactory:39 - PROBLEM WITH CONNECTION!!!
2018-08-20 00:57:17 MySqlDaoFactory.java ERROR MySqlDaoFactory:40 - Communications link failure

The last packet sent successfully to the server was 0 milliseconds ago. The driver has not received any packets from the server.
2018-08-20 00:59:23 MySqlDaoFactory.java INFO  MySqlDaoFactory:66 - Getting db properties from file
2018-08-20 00:59:23 MySqlDaoFactory.java INFO  MySqlDaoFactory:72 - Loading db properties done
2018-08-20 00:59:23 MySqlDaoFactory.java INFO  MySqlDaoFactory:77 - Starting JDBC driver registration
2018-08-20 00:59:23 MySqlDaoFactory.java INFO  MySqlDaoFactory:35 - Getting connection...
2018-08-20 00:59:27 MySqlDaoFactory.java ERROR MySqlDaoFactory:39 - PROBLEM WITH CONNECTION!!!
2018-08-20 00:59:27 MySqlDaoFactory.java ERROR MySqlDaoFactory:40 - Communications link failure

The last packet sent successfully to the server was 0 milliseconds ago. The driver has not received any packets from the server.
2018-08-21 11:05:46 MySqlDaoFactory.java INFO  MySqlDaoFactory:66 - Getting db properties from file
2018-08-21 11:05:46 MySqlDaoFactory.java INFO  MySqlDaoFactory:72 - Loading db properties done
2018-08-21 11:05:46 MySqlDaoFactory.java INFO  MySqlDaoFactory:77 - Starting JDBC driver registration
2018-08-21 11:05:47 MySqlDaoFactory.java INFO  MySqlDaoFactory:35 - Getting connection...
2018-08-21 11:05:49 MySqlDaoFactory.java ERROR MySqlDaoFactory:39 - PROBLEM WITH CONNECTION!!!
2018-08-21 11:05:49 MySqlDaoFactory.java ERROR MySqlDaoFactory:40 - Communications link failure

The last packet sent successfully to the server was 0 milliseconds ago. The driver has not received any packets from the server.
2018-08-26 19:42:10 MySqlDaoFactory.java INFO  MySqlDaoFactory:66 - Getting db properties from file
2018-08-26 19:42:10 MySqlDaoFactory.java INFO  MySqlDaoFactory:72 - Loading db properties done
2018-08-26 19:42:10 MySqlDaoFactory.java INFO  MySqlDaoFactory:77 - Starting JDBC driver registration
2018-08-26 19:42:10 MySqlDaoFactory.java INFO  MySqlDaoFactory:35 - Getting connection...
2018-08-26 19:42:14 MySqlDaoFactory.java ERROR MySqlDaoFactory:39 - PROBLEM WITH CONNECTION!!!
2018-08-26 19:42:14 MySqlDaoFactory.java ERROR MySqlDaoFactory:40 - Communications link failure

The last packet sent successfully to the server was 0 milliseconds ago. The driver has not received any packets from the server.
2018-08-28 23:38:45 MySqlDaoFactory.java INFO  MySqlDaoFactory:66 - Getting db properties from file
2018-08-28 23:38:45 MySqlDaoFactory.java INFO  MySqlDaoFactory:72 - Loading db properties done
2018-08-28 23:38:45 MySqlDaoFactory.java INFO  MySqlDaoFactory:77 - Starting JDBC driver registration
2018-08-28 23:38:45 MySqlDaoFactory.java INFO  MySqlDaoFactory:35 - Getting connection...
2018-08-28 23:38:47 MySqlDaoFactory.java ERROR MySqlDaoFactory:39 - PROBLEM WITH CONNECTION!!!
2018-08-28 23:38:47 MySqlDaoFactory.java ERROR MySqlDaoFactory:40 - The server time zone value 'Ôèíëÿíäèÿ (ëåòî)' is unrecognized or represents more than one time zone. You must configure either the server or JDBC driver (via the serverTimezone configuration property) to use a more specifc time zone value if you want to utilize time zone support.
2018-08-31 15:37:40 MySqlDaoFactory.java INFO  MySqlDaoFactory:66 - Getting db properties from file
2018-08-31 15:37:40 MySqlDaoFactory.java INFO  MySqlDaoFactory:72 - Loading db properties done
2018-08-31 15:37:40 MySqlDaoFactory.java INFO  MySqlDaoFactory:77 - Starting JDBC driver registration
2018-08-31 15:37:40 MySqlDaoFactory.java INFO  MySqlDaoFactory:35 - Getting connection...
2018-08-31 15:37:41 MySqlDaoFactory.java ERROR MySqlDaoFactory:39 - PROBLEM WITH CONNECTION!!!
2018-08-31 15:37:41 MySqlDaoFactory.java ERROR MySqlDaoFactory:40 - The server time zone value 'Ôèíëÿíäèÿ (ëåòî)' is unrecognized or represents more than one time zone. You must configure either the server or JDBC driver (via the serverTimezone configuration property) to use a more specifc time zone value if you want to utilize time zone support.
2018-09-24 23:48:35 MySqlDaoFactory.java INFO  MySqlDaoFactory:66 - Getting db properties from file
2018-09-24 23:48:35 MySqlDaoFactory.java INFO  MySqlDaoFactory:72 - Loading db properties done
2018-09-24 23:48:35 MySqlDaoFactory.java INFO  MySqlDaoFactory:77 - Starting JDBC driver registration
2018-09-24 23:48:35 MySqlDaoFactory.java INFO  MySqlDaoFactory:35 - Getting connection...
2018-09-24 23:48:37 MySqlDaoFactory.java ERROR MySqlDaoFactory:39 - PROBLEM WITH CONNECTION!!!
2018-09-24 23:48:37 MySqlDaoFactory.java ERROR MySqlDaoFactory:40 - The server time zone value 'Ôèíëÿíäèÿ (ëåòî)' is unrecognized or represents more than one time zone. You must configure either the server or JDBC driver (via the serverTimezone configuration property) to use a more specifc time zone value if you want to utilize time zone support.
2018-09-25 00:22:56 MySqlDaoFactory.java INFO  MySqlDaoFactory:66 - Getting db properties from file
2018-09-25 00:22:56 MySqlDaoFactory.java INFO  MySqlDaoFactory:72 - Loading db properties done
2018-09-25 00:22:56 MySqlDaoFactory.java INFO  MySqlDaoFactory:77 - Starting JDBC driver registration
2018-09-25 00:22:56 MySqlDaoFactory.java INFO  MySqlDaoFactory:35 - Getting connection...
2018-09-25 00:22:58 MySqlDaoFactory.java ERROR MySqlDaoFactory:39 - PROBLEM WITH CONNECTION!!!
2018-09-25 00:22:58 MySqlDaoFactory.java ERROR MySqlDaoFactory:40 - The server time zone value 'Ôèíëÿíäèÿ (ëåòî)' is unrecognized or represents more than one time zone. You must configure either the server or JDBC driver (via the serverTimezone configuration property) to use a more specifc time zone value if you want to utilize time zone support.
2018-09-28 11:40:32 MySqlDaoFactory.java INFO  MySqlDaoFactory:70 - Getting db properties from file
2018-09-28 11:40:32 MySqlDaoFactory.java INFO  MySqlDaoFactory:76 - Loading db properties done
2018-09-28 11:40:32 MySqlDaoFactory.java INFO  MySqlDaoFactory:81 - Starting JDBC driver registration
2018-09-28 11:40:32 MySqlDaoFactory.java INFO  MySqlDaoFactory:39 - Getting connection...
2018-09-28 11:40:34 MySqlDaoFactory.java ERROR MySqlDaoFactory:43 - PROBLEM WITH CONNECTION!!!
2018-09-28 11:40:34 MySqlDaoFactory.java ERROR MySqlDaoFactory:44 - The server time zone value 'Ôèíëÿíäèÿ (ëåòî)' is unrecognized or represents more than one time zone. You must configure either the server or JDBC driver (via the serverTimezone configuration property) to use a more specifc time zone value if you want to utilize time zone support.
2018-09-28 11:41:59 MySqlDaoFactory.java INFO  MySqlDaoFactory:70 - Getting db properties from file
2018-09-28 11:41:59 MySqlDaoFactory.java INFO  MySqlDaoFactory:76 - Loading db properties done
2018-09-28 11:41:59 MySqlDaoFactory.java INFO  MySqlDaoFactory:81 - Starting JDBC driver registration
2018-09-28 11:41:59 MySqlDaoFactory.java INFO  MySqlDaoFactory:39 - Getting connection...
2018-09-28 11:42:00 MySqlDaoFactory.java ERROR MySqlDaoFactory:43 - PROBLEM WITH CONNECTION!!!
2018-09-28 11:42:00 MySqlDaoFactory.java ERROR MySqlDaoFactory:44 - The server time zone value 'Ôèíëÿíäèÿ (ëåòî)' is unrecognized or represents more than one time zone. You must configure either the server or JDBC driver (via the serverTimezone configuration property) to use a more specifc time zone value if you want to utilize time zone support.
2018-09-28 11:43:37 MySqlDaoFactory.java INFO  MySqlDaoFactory:70 - Getting db properties from file
2018-09-28 11:43:37 MySqlDaoFactory.java INFO  MySqlDaoFactory:76 - Loading db properties done
2018-09-28 11:43:37 MySqlDaoFactory.java INFO  MySqlDaoFactory:81 - Starting JDBC driver registration
2018-09-28 11:43:37 MySqlDaoFactory.java INFO  MySqlDaoFactory:39 - Getting connection...
2018-09-28 11:43:38 MySqlDaoFactory.java ERROR MySqlDaoFactory:43 - PROBLEM WITH CONNECTION!!!
2018-09-28 11:43:38 MySqlDaoFactory.java ERROR MySqlDaoFactory:44 - The server time zone value 'Ôèíëÿíäèÿ (ëåòî)' is unrecognized or represents more than one time zone. You must configure either the server or JDBC driver (via the serverTimezone configuration property) to use a more specifc time zone value if you want to utilize time zone support.
2018-09-28 11:43:51 MySqlDaoFactory.java INFO  MySqlDaoFactory:70 - Getting db properties from file
2018-09-28 11:43:51 MySqlDaoFactory.java INFO  MySqlDaoFactory:76 - Loading db properties done
2018-09-28 11:43:51 MySqlDaoFactory.java INFO  MySqlDaoFactory:81 - Starting JDBC driver registration
2018-09-28 11:43:58 MySqlDaoFactory.java INFO  MySqlDaoFactory:39 - Getting connection...
2018-09-28 11:45:38 MySqlDaoFactory.java ERROR MySqlDaoFactory:43 - PROBLEM WITH CONNECTION!!!
2018-09-28 11:45:38 MySqlDaoFactory.java ERROR MySqlDaoFactory:44 - The server time zone value 'Ôèíëÿíäèÿ (ëåòî)' is unrecognized or represents more than one time zone. You must configure either the server or JDBC driver (via the serverTimezone configuration property) to use a more specifc time zone value if you want to utilize time zone support.
2018-09-28 11:45:53 MySqlDaoFactory.java INFO  MySqlDaoFactory:70 - Getting db properties from file
2018-09-28 11:45:53 MySqlDaoFactory.java INFO  MySqlDaoFactory:76 - Loading db properties done
2018-09-28 11:45:53 MySqlDaoFactory.java INFO  MySqlDaoFactory:81 - Starting JDBC driver registration
2018-09-28 11:45:53 MySqlDaoFactory.java INFO  MySqlDaoFactory:39 - Getting connection...
2018-09-28 11:45:54 MySqlDaoFactory.java INFO  MySqlDaoFactory:41 - Connection done!!!
2018-09-28 11:45:54 AbstractDao.java TRACE AbstractDao:47 - Insert into our DВ..
2018-09-28 11:45:54 AbstractDao.java ERROR AbstractDao:55 - problem with inserting our qury into our Db
2018-09-28 11:45:54 AbstractDao.java ERROR AbstractDao:56 - Unknown column 'fist_name' in 'field list'
2018-09-28 11:46:52 MySqlDaoFactory.java INFO  MySqlDaoFactory:70 - Getting db properties from file
2018-09-28 11:46:52 MySqlDaoFactory.java INFO  MySqlDaoFactory:76 - Loading db properties done
2018-09-28 11:46:52 MySqlDaoFactory.java INFO  MySqlDaoFactory:81 - Starting JDBC driver registration
2018-09-28 11:46:52 MySqlDaoFactory.java INFO  MySqlDaoFactory:39 - Getting connection...
2018-09-28 11:46:53 MySqlDaoFactory.java INFO  MySqlDaoFactory:41 - Connection done!!!
2018-09-28 11:46:53 AbstractDao.java TRACE AbstractDao:47 - Insert into our DВ..
2018-09-28 11:46:53 AbstractDao.java TRACE AbstractDao:50 - Finish insert our query
2018-09-28 11:46:53 AbstractDao.java TRACE AbstractDao:61 - Find  query in our Db
2018-09-28 11:46:53 AbstractDao.java TRACE AbstractDao:64 - We are puting our query into the objec User
2018-09-28 11:46:53 AbstractDao.java TRACE AbstractDao:70 - Our object is right we returned this object
2018-09-28 11:51:18 MySqlDaoFactory.java INFO  MySqlDaoFactory:70 - Getting db properties from file
2018-09-28 11:51:18 MySqlDaoFactory.java INFO  MySqlDaoFactory:76 - Loading db properties done
2018-09-28 11:51:18 MySqlDaoFactory.java INFO  MySqlDaoFactory:81 - Starting JDBC driver registration
2018-09-28 11:51:18 MySqlDaoFactory.java INFO  MySqlDaoFactory:39 - Getting connection...
2018-09-28 11:51:19 MySqlDaoFactory.java INFO  MySqlDaoFactory:41 - Connection done!!!
2018-09-28 11:51:19 AbstractDao.java TRACE AbstractDao:84 - Find in Db
2018-09-28 11:51:19 AbstractDao.java TRACE AbstractDao:86 - Read with Data Base
2018-09-28 11:51:19 AbstractDao.java TRACE AbstractDao:89 - Created User for returned
2018-09-28 11:53:25 MySqlDaoFactory.java INFO  MySqlDaoFactory:70 - Getting db properties from file
2018-09-28 11:53:26 MySqlDaoFactory.java INFO  MySqlDaoFactory:76 - Loading db properties done
2018-09-28 11:53:26 MySqlDaoFactory.java INFO  MySqlDaoFactory:81 - Starting JDBC driver registration
2018-09-28 11:53:26 MySqlDaoFactory.java INFO  MySqlDaoFactory:39 - Getting connection...
2018-09-28 11:53:27 MySqlDaoFactory.java INFO  MySqlDaoFactory:41 - Connection done!!!
2018-09-28 11:53:27 AbstractDao.java TRACE AbstractDao:109 - We find query for deleted
2018-09-28 11:53:27 AbstractDao.java TRACE AbstractDao:112 - This query which we find is deleted
2018-09-28 11:54:07 MySqlDaoFactory.java INFO  MySqlDaoFactory:70 - Getting db properties from file
2018-09-28 11:54:07 MySqlDaoFactory.java INFO  MySqlDaoFactory:76 - Loading db properties done
2018-09-28 11:54:07 MySqlDaoFactory.java INFO  MySqlDaoFactory:81 - Starting JDBC driver registration
2018-09-28 11:54:07 MySqlDaoFactory.java INFO  MySqlDaoFactory:39 - Getting connection...
2018-09-28 11:54:08 MySqlDaoFactory.java INFO  MySqlDaoFactory:41 - Connection done!!!
2018-09-28 11:54:08 AbstractDao.java TRACE AbstractDao:47 - Insert into our DВ..
2018-09-28 11:54:08 AbstractDao.java TRACE AbstractDao:50 - Finish insert our query
2018-09-28 11:54:08 AbstractDao.java TRACE AbstractDao:61 - Find  query in our Db
2018-09-28 11:54:08 AbstractDao.java TRACE AbstractDao:64 - We are puting our query into the objec User
2018-09-28 11:54:08 AbstractDao.java TRACE AbstractDao:70 - Our object is right we returned this object
2018-09-28 12:02:14 MySqlDaoFactory.java INFO  MySqlDaoFactory:70 - Getting db properties from file
2018-09-28 12:02:14 MySqlDaoFactory.java INFO  MySqlDaoFactory:76 - Loading db properties done
2018-09-28 12:02:14 MySqlDaoFactory.java INFO  MySqlDaoFactory:81 - Starting JDBC driver registration
2018-09-28 12:02:14 MySqlDaoFactory.java INFO  MySqlDaoFactory:39 - Getting connection...
2018-09-28 12:02:16 MySqlDaoFactory.java INFO  MySqlDaoFactory:41 - Connection done!!!
2018-09-28 12:02:16 AbstractDao.java TRACE AbstractDao:47 - Insert into our DВ..
2018-09-28 12:02:16 AbstractDao.java ERROR AbstractDao:55 - problem with inserting our qury into our Db
2018-09-28 12:02:16 AbstractDao.java ERROR AbstractDao:56 - Duplicate entry 'Na' for key 'PRIMARY'
2018-10-04 15:17:18 MySqlDaoFactory.java INFO  MySqlDaoFactory:69 - Getting db properties from file
2018-10-04 15:17:18 MySqlDaoFactory.java INFO  MySqlDaoFactory:75 - Loading db properties done
2018-10-04 15:17:18 MySqlDaoFactory.java INFO  MySqlDaoFactory:80 - Starting JDBC driver registration
2018-10-04 15:17:18 MySqlDaoFactory.java INFO  MySqlDaoFactory:38 - Getting connection...
2018-10-04 15:17:20 MySqlDaoFactory.java INFO  MySqlDaoFactory:40 - Connection done!!!
2018-10-04 15:17:20 AbstractDao.java TRACE AbstractDao:47 - Insert into our DВ..
2018-10-04 15:17:20 AbstractDao.java ERROR AbstractDao:55 - problem with inserting our qury into our Db
2018-10-04 15:17:20 AbstractDao.java ERROR AbstractDao:56 - Unknown column 'end_datasecond' in 'field list'
2018-10-04 15:18:56 MySqlDaoFactory.java INFO  MySqlDaoFactory:69 - Getting db properties from file
2018-10-04 15:18:56 MySqlDaoFactory.java INFO  MySqlDaoFactory:75 - Loading db properties done
2018-10-04 15:18:56 MySqlDaoFactory.java INFO  MySqlDaoFactory:80 - Starting JDBC driver registration
2018-10-04 15:18:56 MySqlDaoFactory.java INFO  MySqlDaoFactory:38 - Getting connection...
2018-10-04 15:18:58 MySqlDaoFactory.java INFO  MySqlDaoFactory:40 - Connection done!!!
2018-10-04 15:18:58 AbstractDao.java TRACE AbstractDao:47 - Insert into our DВ..
2018-10-04 15:18:58 AbstractDao.java ERROR AbstractDao:55 - problem with inserting our qury into our Db
2018-10-04 15:18:58 AbstractDao.java ERROR AbstractDao:56 - Unknown column 'end_datasecond' in 'field list'
2018-10-04 15:19:34 MySqlDaoFactory.java INFO  MySqlDaoFactory:69 - Getting db properties from file
2018-10-04 15:19:34 MySqlDaoFactory.java INFO  MySqlDaoFactory:75 - Loading db properties done
2018-10-04 15:19:34 MySqlDaoFactory.java INFO  MySqlDaoFactory:80 - Starting JDBC driver registration
2018-10-04 15:19:34 MySqlDaoFactory.java INFO  MySqlDaoFactory:38 - Getting connection...
2018-10-04 15:19:35 MySqlDaoFactory.java INFO  MySqlDaoFactory:40 - Connection done!!!
2018-10-04 15:19:36 AbstractDao.java TRACE AbstractDao:47 - Insert into our DВ..
2018-10-04 15:19:36 AbstractDao.java ERROR AbstractDao:55 - problem with inserting our qury into our Db
2018-10-04 15:19:36 AbstractDao.java ERROR AbstractDao:56 - Unknown column 'end_datasecond' in 'field list'
2018-10-04 15:19:36 AbstractDao.java TRACE AbstractDao:61 - Find  query in our Db
2018-10-04 15:19:36 AbstractDao.java TRACE AbstractDao:64 - We are puting our query into the objec User
2018-10-04 15:20:52 MySqlDaoFactory.java INFO  MySqlDaoFactory:69 - Getting db properties from file
2018-10-04 15:20:52 MySqlDaoFactory.java INFO  MySqlDaoFactory:75 - Loading db properties done
2018-10-04 15:20:52 MySqlDaoFactory.java INFO  MySqlDaoFactory:80 - Starting JDBC driver registration
2018-10-04 15:20:52 MySqlDaoFactory.java INFO  MySqlDaoFactory:38 - Getting connection...
2018-10-04 15:20:54 MySqlDaoFactory.java INFO  MySqlDaoFactory:40 - Connection done!!!
2018-10-04 15:20:54 AbstractDao.java TRACE AbstractDao:47 - Insert into our DВ..
2018-10-04 15:20:54 AbstractDao.java ERROR AbstractDao:55 - problem with inserting our qury into our Db
2018-10-04 15:20:54 AbstractDao.java ERROR AbstractDao:56 - Unknown column 'end_datasecond' in 'field list'
2018-10-04 15:20:54 AbstractDao.java TRACE AbstractDao:61 - Find  query in our Db
2018-10-04 15:20:54 AbstractDao.java TRACE AbstractDao:64 - We are puting our query into the objec User
2018-10-04 15:21:08 MySqlDaoFactory.java INFO  MySqlDaoFactory:69 - Getting db properties from file
2018-10-04 15:21:08 MySqlDaoFactory.java INFO  MySqlDaoFactory:75 - Loading db properties done
2018-10-04 15:21:08 MySqlDaoFactory.java INFO  MySqlDaoFactory:80 - Starting JDBC driver registration
2018-10-04 15:21:08 MySqlDaoFactory.java INFO  MySqlDaoFactory:38 - Getting connection...
2018-10-04 15:21:10 MySqlDaoFactory.java INFO  MySqlDaoFactory:40 - Connection done!!!
2018-10-04 15:21:10 AbstractDao.java TRACE AbstractDao:47 - Insert into our DВ..
2018-10-04 15:21:10 AbstractDao.java ERROR AbstractDao:55 - problem with inserting our qury into our Db
2018-10-04 15:21:10 AbstractDao.java ERROR AbstractDao:56 - Unknown column 'end_datasecond' in 'field list'
2018-10-04 15:21:10 AbstractDao.java TRACE AbstractDao:61 - Find  query in our Db
2018-10-04 15:21:10 AbstractDao.java TRACE AbstractDao:64 - We are puting our query into the objec User
2018-10-04 15:21:17 MySqlDaoFactory.java INFO  MySqlDaoFactory:69 - Getting db properties from file
2018-10-04 15:21:17 MySqlDaoFactory.java INFO  MySqlDaoFactory:75 - Loading db properties done
2018-10-04 15:21:17 MySqlDaoFactory.java INFO  MySqlDaoFactory:80 - Starting JDBC driver registration
2018-10-04 15:21:17 MySqlDaoFactory.java INFO  MySqlDaoFactory:38 - Getting connection...
2018-10-04 15:21:18 MySqlDaoFactory.java INFO  MySqlDaoFactory:40 - Connection done!!!
2018-10-04 15:21:18 AbstractDao.java TRACE AbstractDao:47 - Insert into our DВ..
2018-10-04 15:21:18 AbstractDao.java ERROR AbstractDao:55 - problem with inserting our qury into our Db
2018-10-04 15:21:18 AbstractDao.java ERROR AbstractDao:56 - Unknown column 'end_datasecond' in 'field list'
2018-10-04 15:21:18 AbstractDao.java TRACE AbstractDao:61 - Find  query in our Db
2018-10-04 15:21:18 AbstractDao.java TRACE AbstractDao:64 - We are puting our query into the objec User
2018-10-04 15:21:41 MySqlDaoFactory.java INFO  MySqlDaoFactory:69 - Getting db properties from file
2018-10-04 15:21:41 MySqlDaoFactory.java INFO  MySqlDaoFactory:75 - Loading db properties done
2018-10-04 15:21:41 MySqlDaoFactory.java INFO  MySqlDaoFactory:80 - Starting JDBC driver registration
2018-10-04 15:21:41 MySqlDaoFactory.java INFO  MySqlDaoFactory:38 - Getting connection...
2018-10-04 15:21:43 MySqlDaoFactory.java INFO  MySqlDaoFactory:40 - Connection done!!!
2018-10-04 15:21:43 AbstractDao.java TRACE AbstractDao:47 - Insert into our DВ..
2018-10-04 15:21:43 AbstractDao.java ERROR AbstractDao:55 - problem with inserting our qury into our Db
2018-10-04 15:21:43 AbstractDao.java ERROR AbstractDao:56 - Unknown column 'end_datasecond' in 'field list'
2018-10-04 15:21:43 AbstractDao.java TRACE AbstractDao:61 - Find  query in our Db
2018-10-04 15:21:43 AbstractDao.java TRACE AbstractDao:64 - We are puting our query into the objec User
2018-10-04 15:22:49 MySqlDaoFactory.java INFO  MySqlDaoFactory:69 - Getting db properties from file
2018-10-04 15:22:49 MySqlDaoFactory.java INFO  MySqlDaoFactory:75 - Loading db properties done
2018-10-04 15:22:49 MySqlDaoFactory.java INFO  MySqlDaoFactory:80 - Starting JDBC driver registration
2018-10-04 15:22:49 MySqlDaoFactory.java INFO  MySqlDaoFactory:38 - Getting connection...
2018-10-04 15:22:50 MySqlDaoFactory.java INFO  MySqlDaoFactory:40 - Connection done!!!
2018-10-04 15:22:50 AbstractDao.java TRACE AbstractDao:47 - Insert into our DВ..
2018-10-04 15:22:50 AbstractDao.java ERROR AbstractDao:55 - problem with inserting our qury into our Db
2018-10-04 15:22:50 AbstractDao.java ERROR AbstractDao:56 - Unknown column 'end_datasecond' in 'field list'
2018-10-04 15:22:50 AbstractDao.java TRACE AbstractDao:61 - Find  query in our Db
2018-10-04 15:22:50 AbstractDao.java TRACE AbstractDao:64 - We are puting our query into the objec User
2018-10-04 15:22:50 AbstractDao.java TRACE AbstractDao:71 - Our object is right we returned this object
2018-10-04 15:24:58 MySqlDaoFactory.java INFO  MySqlDaoFactory:69 - Getting db properties from file
2018-10-04 15:24:58 MySqlDaoFactory.java INFO  MySqlDaoFactory:75 - Loading db properties done
2018-10-04 15:24:58 MySqlDaoFactory.java INFO  MySqlDaoFactory:80 - Starting JDBC driver registration
2018-10-04 15:24:58 MySqlDaoFactory.java INFO  MySqlDaoFactory:38 - Getting connection...
2018-10-04 15:25:00 MySqlDaoFactory.java INFO  MySqlDaoFactory:40 - Connection done!!!
2018-10-04 15:25:00 AbstractDao.java TRACE AbstractDao:47 - Insert into our DВ..
2018-10-04 15:25:00 AbstractDao.java ERROR AbstractDao:55 - problem with inserting our qury into our Db
2018-10-04 15:25:00 AbstractDao.java ERROR AbstractDao:56 - Unknown column 'end_datasecond' in 'field list'
2018-10-04 15:25:00 AbstractDao.java TRACE AbstractDao:61 - Find  query in our Db
2018-10-04 15:25:00 AbstractDao.java TRACE AbstractDao:64 - We are puting our query into the objec User
2018-10-04 15:25:22 MySqlDaoFactory.java INFO  MySqlDaoFactory:69 - Getting db properties from file
2018-10-04 15:25:22 MySqlDaoFactory.java INFO  MySqlDaoFactory:75 - Loading db properties done
2018-10-04 15:25:22 MySqlDaoFactory.java INFO  MySqlDaoFactory:80 - Starting JDBC driver registration
2018-10-04 15:25:22 MySqlDaoFactory.java INFO  MySqlDaoFactory:38 - Getting connection...
2018-10-04 15:25:24 MySqlDaoFactory.java INFO  MySqlDaoFactory:40 - Connection done!!!
2018-10-04 15:25:24 AbstractDao.java TRACE AbstractDao:47 - Insert into our DВ..
2018-10-04 15:25:24 AbstractDao.java ERROR AbstractDao:55 - problem with inserting our qury into our Db
2018-10-04 15:25:24 AbstractDao.java ERROR AbstractDao:56 - Unknown column 'end_datasecond' in 'field list'
2018-10-04 15:27:12 MySqlDaoFactory.java INFO  MySqlDaoFactory:69 - Getting db properties from file
2018-10-04 15:27:12 MySqlDaoFactory.java INFO  MySqlDaoFactory:75 - Loading db properties done
2018-10-04 15:27:12 MySqlDaoFactory.java INFO  MySqlDaoFactory:80 - Starting JDBC driver registration
2018-10-04 15:27:12 MySqlDaoFactory.java INFO  MySqlDaoFactory:38 - Getting connection...
2018-10-04 15:27:13 MySqlDaoFactory.java INFO  MySqlDaoFactory:40 - Connection done!!!
2018-10-04 15:27:13 AbstractDao.java TRACE AbstractDao:47 - Insert into our DВ..
2018-10-04 15:27:13 AbstractDao.java ERROR AbstractDao:55 - problem with inserting our qury into our Db
2018-10-04 15:27:13 AbstractDao.java ERROR AbstractDao:56 - Duplicate entry 'Na' for key 'PRIMARY'
2018-10-04 15:27:25 MySqlDaoFactory.java INFO  MySqlDaoFactory:69 - Getting db properties from file
2018-10-04 15:27:25 MySqlDaoFactory.java INFO  MySqlDaoFactory:75 - Loading db properties done
2018-10-04 15:27:25 MySqlDaoFactory.java INFO  MySqlDaoFactory:80 - Starting JDBC driver registration
2018-10-04 15:27:25 MySqlDaoFactory.java INFO  MySqlDaoFactory:38 - Getting connection...
2018-10-04 15:27:26 MySqlDaoFactory.java INFO  MySqlDaoFactory:40 - Connection done!!!
2018-10-04 15:27:26 AbstractDao.java TRACE AbstractDao:47 - Insert into our DВ..
2018-10-04 15:27:26 AbstractDao.java ERROR AbstractDao:55 - problem with inserting our qury into our Db
2018-10-04 15:27:26 AbstractDao.java ERROR AbstractDao:56 - Duplicate entry 'Na' for key 'PRIMARY'
2018-10-04 15:27:35 MySqlDaoFactory.java INFO  MySqlDaoFactory:69 - Getting db properties from file
2018-10-04 15:27:35 MySqlDaoFactory.java INFO  MySqlDaoFactory:75 - Loading db properties done
2018-10-04 15:27:35 MySqlDaoFactory.java INFO  MySqlDaoFactory:80 - Starting JDBC driver registration
2018-10-04 15:27:35 MySqlDaoFactory.java INFO  MySqlDaoFactory:38 - Getting connection...
2018-10-04 15:27:37 MySqlDaoFactory.java INFO  MySqlDaoFactory:40 - Connection done!!!
2018-10-04 15:27:37 AbstractDao.java TRACE AbstractDao:47 - Insert into our DВ..
2018-10-04 15:27:37 AbstractDao.java TRACE AbstractDao:50 - Finish insert our query
2018-10-04 15:27:37 AbstractDao.java TRACE AbstractDao:61 - Find  query in our Db
2018-10-04 15:27:37 AbstractDao.java TRACE AbstractDao:64 - We are puting our query into the objec User
2018-10-04 15:27:37 AbstractDao.java TRACE AbstractDao:70 - Our object is right we returned this object
2018-10-04 15:28:19 MySqlDaoFactory.java INFO  MySqlDaoFactory:69 - Getting db properties from file
2018-10-04 15:28:19 MySqlDaoFactory.java INFO  MySqlDaoFactory:75 - Loading db properties done
2018-10-04 15:28:19 MySqlDaoFactory.java INFO  MySqlDaoFactory:80 - Starting JDBC driver registration
2018-10-04 15:28:19 MySqlDaoFactory.java INFO  MySqlDaoFactory:38 - Getting connection...
2018-10-04 15:28:20 MySqlDaoFactory.java INFO  MySqlDaoFactory:40 - Connection done!!!
2018-10-04 15:28:20 AbstractDao.java TRACE AbstractDao:47 - Insert into our DВ..
2018-10-04 15:28:21 AbstractDao.java ERROR AbstractDao:55 - problem with inserting our qury into our Db
2018-10-04 15:28:21 AbstractDao.java ERROR AbstractDao:56 - Unknown column 'end_datasecond' in 'field list'
2018-10-04 15:29:21 MySqlDaoFactory.java INFO  MySqlDaoFactory:69 - Getting db properties from file
2018-10-04 15:29:21 MySqlDaoFactory.java INFO  MySqlDaoFactory:75 - Loading db properties done
2018-10-04 15:29:21 MySqlDaoFactory.java INFO  MySqlDaoFactory:80 - Starting JDBC driver registration
2018-10-04 15:29:21 MySqlDaoFactory.java INFO  MySqlDaoFactory:38 - Getting connection...
2018-10-04 15:29:23 MySqlDaoFactory.java INFO  MySqlDaoFactory:40 - Connection done!!!
2018-10-04 15:32:22 AbstractDao.java TRACE AbstractDao:47 - Insert into our DВ..
2018-10-04 15:32:23 AbstractDao.java ERROR AbstractDao:55 - problem with inserting our qury into our Db
2018-10-04 15:32:23 AbstractDao.java ERROR AbstractDao:56 - Unknown column 'end_datasecond' in 'field list'
2018-10-04 15:32:40 MySqlDaoFactory.java INFO  MySqlDaoFactory:69 - Getting db properties from file
2018-10-04 15:32:40 MySqlDaoFactory.java INFO  MySqlDaoFactory:75 - Loading db properties done
2018-10-04 15:32:40 MySqlDaoFactory.java INFO  MySqlDaoFactory:80 - Starting JDBC driver registration
2018-10-04 15:32:40 MySqlDaoFactory.java INFO  MySqlDaoFactory:38 - Getting connection...
2018-10-04 15:32:41 MySqlDaoFactory.java INFO  MySqlDaoFactory:40 - Connection done!!!
2018-10-04 15:32:46 AbstractDao.java TRACE AbstractDao:47 - Insert into our DВ..
2018-10-04 15:33:22 MySqlDaoFactory.java INFO  MySqlDaoFactory:69 - Getting db properties from file
2018-10-04 15:33:22 MySqlDaoFactory.java INFO  MySqlDaoFactory:75 - Loading db properties done
2018-10-04 15:33:22 MySqlDaoFactory.java INFO  MySqlDaoFactory:80 - Starting JDBC driver registration
2018-10-04 15:33:22 MySqlDaoFactory.java INFO  MySqlDaoFactory:38 - Getting connection...
2018-10-04 15:33:23 MySqlDaoFactory.java INFO  MySqlDaoFactory:40 - Connection done!!!
2018-10-04 15:33:59 MySqlDaoFactory.java INFO  MySqlDaoFactory:69 - Getting db properties from file
2018-10-04 15:33:59 MySqlDaoFactory.java INFO  MySqlDaoFactory:75 - Loading db properties done
2018-10-04 15:33:59 MySqlDaoFactory.java INFO  MySqlDaoFactory:80 - Starting JDBC driver registration
2018-10-04 15:33:59 MySqlDaoFactory.java INFO  MySqlDaoFactory:38 - Getting connection...
2018-10-04 15:34:01 MySqlDaoFactory.java INFO  MySqlDaoFactory:40 - Connection done!!!
2018-10-04 15:34:09 AbstractDao.java TRACE AbstractDao:47 - Insert into our DВ..
2018-10-04 15:35:18 AbstractDao.java ERROR AbstractDao:55 - problem with inserting our qury into our Db
2018-10-04 15:35:18 AbstractDao.java ERROR AbstractDao:56 - Unknown column 'end_datasecond' in 'field list'
2018-10-04 15:36:43 MySqlDaoFactory.java INFO  MySqlDaoFactory:69 - Getting db properties from file
2018-10-04 15:36:43 MySqlDaoFactory.java INFO  MySqlDaoFactory:75 - Loading db properties done
2018-10-04 15:36:43 MySqlDaoFactory.java INFO  MySqlDaoFactory:80 - Starting JDBC driver registration
2018-10-04 15:36:43 MySqlDaoFactory.java INFO  MySqlDaoFactory:38 - Getting connection...
2018-10-04 15:36:45 MySqlDaoFactory.java INFO  MySqlDaoFactory:40 - Connection done!!!
2018-10-04 15:36:45 AbstractDao.java TRACE AbstractDao:47 - Insert into our DВ..
2018-10-04 15:36:45 AbstractDao.java TRACE AbstractDao:50 - Finish insert our query
2018-10-04 15:36:45 AbstractDao.java TRACE AbstractDao:61 - Find  query in our Db
2018-10-04 15:36:45 AbstractDao.java TRACE AbstractDao:64 - We are puting our query into the objec User
2018-10-04 15:36:45 AbstractDao.java TRACE AbstractDao:70 - Our object is right we returned this object
2018-10-04 15:37:37 MySqlDaoFactory.java INFO  MySqlDaoFactory:69 - Getting db properties from file
2018-10-04 15:37:37 MySqlDaoFactory.java INFO  MySqlDaoFactory:75 - Loading db properties done
2018-10-04 15:37:37 MySqlDaoFactory.java INFO  MySqlDaoFactory:80 - Starting JDBC driver registration
2018-10-04 15:37:37 MySqlDaoFactory.java INFO  MySqlDaoFactory:38 - Getting connection...
2018-10-04 15:37:38 MySqlDaoFactory.java INFO  MySqlDaoFactory:40 - Connection done!!!
2018-10-04 15:37:38 AbstractDao.java TRACE AbstractDao:47 - Insert into our DВ..
2018-10-04 15:37:38 AbstractDao.java TRACE AbstractDao:50 - Finish insert our query
2018-10-04 15:37:38 AbstractDao.java TRACE AbstractDao:61 - Find  query in our Db
2018-10-04 15:37:38 AbstractDao.java TRACE AbstractDao:64 - We are puting our query into the objec User
2018-10-04 15:37:38 AbstractDao.java TRACE AbstractDao:70 - Our object is right we returned this object
2018-10-04 15:38:48 MySqlDaoFactory.java INFO  MySqlDaoFactory:69 - Getting db properties from file
2018-10-04 15:38:48 MySqlDaoFactory.java INFO  MySqlDaoFactory:75 - Loading db properties done
2018-10-04 15:38:48 MySqlDaoFactory.java INFO  MySqlDaoFactory:80 - Starting JDBC driver registration
2018-10-04 15:38:48 MySqlDaoFactory.java INFO  MySqlDaoFactory:38 - Getting connection...
2018-10-04 15:38:50 MySqlDaoFactory.java INFO  MySqlDaoFactory:40 - Connection done!!!
2018-10-04 15:38:50 AbstractDao.java TRACE AbstractDao:84 - Find in Db
2018-10-04 15:38:50 AbstractDao.java TRACE AbstractDao:86 - Read with Data Base
2018-10-04 15:38:50 AbstractDao.java TRACE AbstractDao:89 - Created User for returned
2018-10-04 15:39:33 MySqlDaoFactory.java INFO  MySqlDaoFactory:69 - Getting db properties from file
2018-10-04 15:39:33 MySqlDaoFactory.java INFO  MySqlDaoFactory:75 - Loading db properties done
2018-10-04 15:39:33 MySqlDaoFactory.java INFO  MySqlDaoFactory:80 - Starting JDBC driver registration
2018-10-04 15:39:33 MySqlDaoFactory.java INFO  MySqlDaoFactory:38 - Getting connection...
2018-10-04 15:39:34 MySqlDaoFactory.java INFO  MySqlDaoFactory:40 - Connection done!!!
2018-10-04 15:39:34 AbstractDao.java TRACE AbstractDao:84 - Find in Db
2018-10-04 15:39:34 AbstractDao.java TRACE AbstractDao:86 - Read with Data Base
2018-10-04 15:39:34 AbstractDao.java TRACE AbstractDao:89 - Created User for returned
2018-10-04 15:39:43 MySqlDaoFactory.java INFO  MySqlDaoFactory:69 - Getting db properties from file
2018-10-04 15:39:43 MySqlDaoFactory.java INFO  MySqlDaoFactory:75 - Loading db properties done
2018-10-04 15:39:43 MySqlDaoFactory.java INFO  MySqlDaoFactory:80 - Starting JDBC driver registration
2018-10-04 15:39:43 MySqlDaoFactory.java INFO  MySqlDaoFactory:38 - Getting connection...
2018-10-04 15:39:44 MySqlDaoFactory.java INFO  MySqlDaoFactory:40 - Connection done!!!
2018-10-04 15:39:44 AbstractDao.java TRACE AbstractDao:84 - Find in Db
2018-10-04 15:39:44 AbstractDao.java TRACE AbstractDao:86 - Read with Data Base
2018-10-04 15:39:44 AbstractDao.java TRACE AbstractDao:89 - Created User for returned
2018-10-04 15:40:46 MySqlDaoFactory.java INFO  MySqlDaoFactory:69 - Getting db properties from file
2018-10-04 15:40:46 MySqlDaoFactory.java INFO  MySqlDaoFactory:75 - Loading db properties done
2018-10-04 15:40:46 MySqlDaoFactory.java INFO  MySqlDaoFactory:80 - Starting JDBC driver registration
2018-10-04 15:40:46 MySqlDaoFactory.java INFO  MySqlDaoFactory:38 - Getting connection...
2018-10-04 15:40:48 MySqlDaoFactory.java INFO  MySqlDaoFactory:40 - Connection done!!!
2018-10-04 15:40:48 AbstractDao.java TRACE AbstractDao:123 - Find query in DataBase
2018-10-04 15:40:48 AbstractDao.java TRACE AbstractDao:126 - Query is fined and update
2018-10-04 15:43:48 MySqlDaoFactory.java INFO  MySqlDaoFactory:69 - Getting db properties from file
2018-10-04 15:43:48 MySqlDaoFactory.java INFO  MySqlDaoFactory:75 - Loading db properties done
2018-10-04 15:43:48 MySqlDaoFactory.java INFO  MySqlDaoFactory:80 - Starting JDBC driver registration
2018-10-04 15:43:48 MySqlDaoFactory.java INFO  MySqlDaoFactory:38 - Getting connection...
2018-10-04 15:43:49 MySqlDaoFactory.java INFO  MySqlDaoFactory:40 - Connection done!!!
2018-10-04 15:43:49 AbstractDao.java TRACE AbstractDao:109 - We find query for deleted
2018-10-04 15:43:49 AbstractDao.java TRACE AbstractDao:112 - This query which we find is deleted
2018-10-04 16:00:37 MySqlDaoFactory.java INFO  MySqlDaoFactory:69 - Getting db properties from file
2018-10-04 16:00:37 MySqlDaoFactory.java INFO  MySqlDaoFactory:75 - Loading db properties done
2018-10-04 16:00:37 MySqlDaoFactory.java INFO  MySqlDaoFactory:80 - Starting JDBC driver registration
2018-10-04 16:00:37 MySqlDaoFactory.java INFO  MySqlDaoFactory:38 - Getting connection...
2018-10-04 16:00:39 MySqlDaoFactory.java INFO  MySqlDaoFactory:40 - Connection done!!!
2018-10-04 16:00:39 AbstractDao.java TRACE AbstractDao:47 - Insert into our DВ..
2018-10-04 16:00:39 AbstractDao.java ERROR AbstractDao:55 - problem with inserting our qury into our Db
2018-10-04 16:00:39 AbstractDao.java ERROR AbstractDao:56 - Duplicate entry '2' for key 'PRIMARY'
2018-10-04 16:01:03 MySqlDaoFactory.java INFO  MySqlDaoFactory:69 - Getting db properties from file
2018-10-04 16:01:03 MySqlDaoFactory.java INFO  MySqlDaoFactory:75 - Loading db properties done
2018-10-04 16:01:03 MySqlDaoFactory.java INFO  MySqlDaoFactory:80 - Starting JDBC driver registration
2018-10-04 16:01:03 MySqlDaoFactory.java INFO  MySqlDaoFactory:38 - Getting connection...
2018-10-04 16:01:04 MySqlDaoFactory.java INFO  MySqlDaoFactory:40 - Connection done!!!
2018-10-04 16:01:04 AbstractDao.java TRACE AbstractDao:47 - Insert into our DВ..
2018-10-04 16:01:04 AbstractDao.java TRACE AbstractDao:50 - Finish insert our query
2018-10-04 16:01:04 AbstractDao.java TRACE AbstractDao:61 - Find  query in our Db
2018-10-04 16:01:04 AbstractDao.java TRACE AbstractDao:64 - We are puting our query into the objec User
2018-10-04 16:01:04 AbstractDao.java TRACE AbstractDao:70 - Our object is right we returned this object
2018-10-04 16:01:04 MySqlDaoFactory.java INFO  MySqlDaoFactory:38 - Getting connection...
2018-10-04 16:01:05 MySqlDaoFactory.java INFO  MySqlDaoFactory:40 - Connection done!!!
2018-10-04 16:01:05 AbstractDao.java TRACE AbstractDao:109 - We find query for deleted
2018-10-04 16:01:05 AbstractDao.java TRACE AbstractDao:112 - This query which we find is deleted
2018-10-04 16:02:21 MySqlDaoFactory.java INFO  MySqlDaoFactory:69 - Getting db properties from file
2018-10-04 16:02:21 MySqlDaoFactory.java INFO  MySqlDaoFactory:75 - Loading db properties done
2018-10-04 16:02:21 MySqlDaoFactory.java INFO  MySqlDaoFactory:80 - Starting JDBC driver registration
2018-10-04 16:02:22 MySqlDaoFactory.java INFO  MySqlDaoFactory:38 - Getting connection...
2018-10-04 16:02:23 MySqlDaoFactory.java INFO  MySqlDaoFactory:40 - Connection done!!!
2018-10-04 16:02:23 AbstractDao.java TRACE AbstractDao:47 - Insert into our DВ..
2018-10-04 16:02:23 AbstractDao.java TRACE AbstractDao:50 - Finish insert our query
2018-10-04 16:02:23 AbstractDao.java TRACE AbstractDao:61 - Find  query in our Db
2018-10-04 16:02:23 AbstractDao.java TRACE AbstractDao:64 - We are puting our query into the objec User
2018-10-04 16:02:23 AbstractDao.java TRACE AbstractDao:70 - Our object is right we returned this object
2018-10-04 16:02:23 MySqlDaoFactory.java INFO  MySqlDaoFactory:38 - Getting connection...
2018-10-04 16:02:23 MySqlDaoFactory.java INFO  MySqlDaoFactory:40 - Connection done!!!
2018-10-04 16:02:23 AbstractDao.java TRACE AbstractDao:109 - We find query for deleted
2018-10-04 16:02:23 AbstractDao.java TRACE AbstractDao:112 - This query which we find is deleted
2018-10-08 16:46:46 MySqlDaoFactory.java INFO  MySqlDaoFactory:69 - Getting db properties from file
2018-10-08 16:46:46 MySqlDaoFactory.java INFO  MySqlDaoFactory:75 - Loading db properties done
2018-10-08 16:46:46 MySqlDaoFactory.java INFO  MySqlDaoFactory:80 - Starting JDBC driver registration
2018-10-08 16:46:46 MySqlDaoFactory.java INFO  MySqlDaoFactory:38 - Getting connection...
2018-10-08 16:46:47 MySqlDaoFactory.java INFO  MySqlDaoFactory:40 - Connection done!!!
2018-10-08 16:46:47 AbstractDao.java TRACE AbstractDao:47 - Insert into our DВ..
2018-10-08 16:46:47 AbstractDao.java ERROR AbstractDao:55 - problem with inserting our qury into our Db
2018-10-08 16:46:47 AbstractDao.java ERROR AbstractDao:56 - Duplicate entry '3' for key 'PRIMARY'
2018-10-09 00:38:32 MySqlDaoFactory.java INFO  MySqlDaoFactory:69 - Getting db properties from file
2018-10-09 00:38:33 MySqlDaoFactory.java INFO  MySqlDaoFactory:75 - Loading db properties done
2018-10-09 00:38:33 MySqlDaoFactory.java INFO  MySqlDaoFactory:80 - Starting JDBC driver registration
2018-10-09 00:38:33 MySqlDaoFactory.java INFO  MySqlDaoFactory:38 - Getting connection...
2018-10-09 00:38:34 MySqlDaoFactory.java INFO  MySqlDaoFactory:40 - Connection done!!!
2018-10-09 00:38:34 AbstractDao.java TRACE AbstractDao:124 - Find query in DataBase
2018-10-09 00:38:34 AbstractDao.java TRACE AbstractDao:129 - We arent is update query in this Db
2018-10-09 00:38:34 AbstractDao.java ERROR AbstractDao:130 - You have an error in your SQL syntax; check the manual that corresponds to your MySQL server version for the right syntax to use near 'second_name=null , email = '11111' ,status='NEW'  WHERE  login  = '1'' at line 1
2018-10-09 00:39:12 MySqlDaoFactory.java INFO  MySqlDaoFactory:69 - Getting db properties from file
2018-10-09 00:39:12 MySqlDaoFactory.java INFO  MySqlDaoFactory:75 - Loading db properties done
2018-10-09 00:39:12 MySqlDaoFactory.java INFO  MySqlDaoFactory:80 - Starting JDBC driver registration
2018-10-09 00:39:12 MySqlDaoFactory.java INFO  MySqlDaoFactory:38 - Getting connection...
2018-10-09 00:39:13 MySqlDaoFactory.java INFO  MySqlDaoFactory:40 - Connection done!!!
2018-10-09 00:39:13 AbstractDao.java TRACE AbstractDao:124 - Find query in DataBase
2018-10-09 00:39:13 AbstractDao.java TRACE AbstractDao:129 - We arent is update query in this Db
2018-10-09 00:39:13 AbstractDao.java ERROR AbstractDao:130 - You have an error in your SQL syntax; check the manual that corresponds to your MySQL server version for the right syntax to use near 'second_name=null , email = '11111' ,status='NEW'  WHERE  login  = 'yuriy'' at line 1
2018-10-09 00:39:16 MySqlDaoFactory.java INFO  MySqlDaoFactory:69 - Getting db properties from file
2018-10-09 00:39:16 MySqlDaoFactory.java INFO  MySqlDaoFactory:75 - Loading db properties done
2018-10-09 00:39:16 MySqlDaoFactory.java INFO  MySqlDaoFactory:80 - Starting JDBC driver registration
2018-10-09 00:39:16 MySqlDaoFactory.java INFO  MySqlDaoFactory:38 - Getting connection...
2018-10-09 00:39:17 MySqlDaoFactory.java INFO  MySqlDaoFactory:40 - Connection done!!!
2018-10-09 00:39:17 AbstractDao.java TRACE AbstractDao:124 - Find query in DataBase
2018-10-09 00:39:17 AbstractDao.java TRACE AbstractDao:129 - We arent is update query in this Db
2018-10-09 00:39:17 AbstractDao.java ERROR AbstractDao:130 - You have an error in your SQL syntax; check the manual that corresponds to your MySQL server version for the right syntax to use near 'second_name=null , email = '11111' ,status='NEW'  WHERE  login  = 'yuriy'' at line 1
2018-10-09 00:48:16 MySqlDaoFactory.java INFO  MySqlDaoFactory:69 - Getting db properties from file
2018-10-09 00:48:16 MySqlDaoFactory.java INFO  MySqlDaoFactory:75 - Loading db properties done
2018-10-09 00:48:16 MySqlDaoFactory.java INFO  MySqlDaoFactory:80 - Starting JDBC driver registration
2018-10-09 00:48:16 MySqlDaoFactory.java INFO  MySqlDaoFactory:38 - Getting connection...
2018-10-09 00:48:17 MySqlDaoFactory.java INFO  MySqlDaoFactory:40 - Connection done!!!
2018-10-09 00:48:17 AbstractDao.java TRACE AbstractDao:110 - We find query for deleted
2018-10-09 00:48:17 AbstractDao.java TRACE AbstractDao:113 - This query which we find is deleted
2018-10-09 00:48:17 MySqlDaoFactory.java INFO  MySqlDaoFactory:38 - Getting connection...
2018-10-09 00:48:17 MySqlDaoFactory.java INFO  MySqlDaoFactory:40 - Connection done!!!
2018-10-09 00:48:17 AbstractDao.java TRACE AbstractDao:124 - Find query in DataBase
2018-10-09 00:48:17 AbstractDao.java TRACE AbstractDao:129 - We arent is update query in this Db
2018-10-09 00:48:17 AbstractDao.java ERROR AbstractDao:130 - You have an error in your SQL syntax; check the manual that corresponds to your MySQL server version for the right syntax to use near 'second_name=null , email = '11111' ,status='NEW'  WHERE  login  = 'Na'' at line 1
2018-10-09 00:49:16 MySqlDaoFactory.java INFO  MySqlDaoFactory:69 - Getting db properties from file
2018-10-09 00:49:16 MySqlDaoFactory.java INFO  MySqlDaoFactory:75 - Loading db properties done
2018-10-09 00:49:16 MySqlDaoFactory.java INFO  MySqlDaoFactory:80 - Starting JDBC driver registration
2018-10-09 00:49:16 MySqlDaoFactory.java INFO  MySqlDaoFactory:38 - Getting connection...
2018-10-09 00:49:18 MySqlDaoFactory.java INFO  MySqlDaoFactory:40 - Connection done!!!
2018-10-09 00:49:18 AbstractDao.java TRACE AbstractDao:110 - We find query for deleted
2018-10-09 00:49:18 AbstractDao.java TRACE AbstractDao:113 - This query which we find is deleted
2018-10-09 00:49:18 MySqlDaoFactory.java INFO  MySqlDaoFactory:38 - Getting connection...
2018-10-09 00:49:18 MySqlDaoFactory.java INFO  MySqlDaoFactory:40 - Connection done!!!
2018-10-09 00:49:18 AbstractDao.java TRACE AbstractDao:124 - Find query in DataBase
2018-10-09 00:49:18 AbstractDao.java TRACE AbstractDao:127 - Query is fined and update
2018-10-09 00:49:30 MySqlDaoFactory.java INFO  MySqlDaoFactory:69 - Getting db properties from file
2018-10-09 00:49:30 MySqlDaoFactory.java INFO  MySqlDaoFactory:75 - Loading db properties done
2018-10-09 00:49:30 MySqlDaoFactory.java INFO  MySqlDaoFactory:80 - Starting JDBC driver registration
2018-10-09 00:49:31 MySqlDaoFactory.java INFO  MySqlDaoFactory:38 - Getting connection...
2018-10-09 00:49:32 MySqlDaoFactory.java INFO  MySqlDaoFactory:40 - Connection done!!!
2018-10-09 00:49:32 AbstractDao.java TRACE AbstractDao:110 - We find query for deleted
2018-10-09 00:49:32 AbstractDao.java TRACE AbstractDao:113 - This query which we find is deleted
2018-10-09 00:49:32 MySqlDaoFactory.java INFO  MySqlDaoFactory:38 - Getting connection...
2018-10-09 00:49:32 MySqlDaoFactory.java INFO  MySqlDaoFactory:40 - Connection done!!!
2018-10-09 00:49:32 AbstractDao.java TRACE AbstractDao:124 - Find query in DataBase
2018-10-09 00:49:32 AbstractDao.java TRACE AbstractDao:129 - We arent is update query in this Db
2018-10-09 00:49:32 AbstractDao.java ERROR AbstractDao:130 - Column 'first_name' cannot be null
2018-10-09 00:50:02 MySqlDaoFactory.java INFO  MySqlDaoFactory:69 - Getting db properties from file
2018-10-09 00:50:02 MySqlDaoFactory.java INFO  MySqlDaoFactory:75 - Loading db properties done
2018-10-09 00:50:02 MySqlDaoFactory.java INFO  MySqlDaoFactory:80 - Starting JDBC driver registration
2018-10-09 00:50:02 MySqlDaoFactory.java INFO  MySqlDaoFactory:38 - Getting connection...
2018-10-09 00:50:04 MySqlDaoFactory.java INFO  MySqlDaoFactory:40 - Connection done!!!
2018-10-09 00:50:04 AbstractDao.java TRACE AbstractDao:110 - We find query for deleted
2018-10-09 00:50:04 AbstractDao.java TRACE AbstractDao:113 - This query which we find is deleted
2018-10-09 00:50:04 MySqlDaoFactory.java INFO  MySqlDaoFactory:38 - Getting connection...
2018-10-09 00:50:04 MySqlDaoFactory.java INFO  MySqlDaoFactory:40 - Connection done!!!
2018-10-09 00:50:04 AbstractDao.java TRACE AbstractDao:124 - Find query in DataBase
2018-10-09 00:50:04 AbstractDao.java TRACE AbstractDao:129 - We arent is update query in this Db
2018-10-09 00:50:04 AbstractDao.java ERROR AbstractDao:130 - Column 'first_name' cannot be null
2018-10-09 00:51:51 MySqlDaoFactory.java INFO  MySqlDaoFactory:69 - Getting db properties from file
2018-10-09 00:51:51 MySqlDaoFactory.java INFO  MySqlDaoFactory:75 - Loading db properties done
2018-10-09 00:51:51 MySqlDaoFactory.java INFO  MySqlDaoFactory:80 - Starting JDBC driver registration
2018-10-09 00:51:51 MySqlDaoFactory.java INFO  MySqlDaoFactory:38 - Getting connection...
2018-10-09 00:51:53 MySqlDaoFactory.java INFO  MySqlDaoFactory:40 - Connection done!!!
2018-10-09 00:51:53 AbstractDao.java TRACE AbstractDao:124 - Find query in DataBase
2018-10-09 00:51:53 AbstractDao.java TRACE AbstractDao:127 - Query is fined and update
2018-10-09 00:53:19 MySqlDaoFactory.java INFO  MySqlDaoFactory:69 - Getting db properties from file
2018-10-09 00:53:19 MySqlDaoFactory.java INFO  MySqlDaoFactory:75 - Loading db properties done
2018-10-09 00:53:19 MySqlDaoFactory.java INFO  MySqlDaoFactory:80 - Starting JDBC driver registration
2018-10-09 00:53:19 MySqlDaoFactory.java INFO  MySqlDaoFactory:38 - Getting connection...
2018-10-09 00:53:21 MySqlDaoFactory.java INFO  MySqlDaoFactory:40 - Connection done!!!
2018-10-09 00:53:21 AbstractDao.java TRACE AbstractDao:124 - Find query in DataBase
2018-10-09 00:53:21 AbstractDao.java TRACE AbstractDao:127 - Query is fined and update
2018-10-09 16:13:57 MySqlDaoFactory.java INFO  MySqlDaoFactory:69 - Getting db properties from file
2018-10-09 16:13:58 MySqlDaoFactory.java INFO  MySqlDaoFactory:75 - Loading db properties done
2018-10-09 16:13:58 MySqlDaoFactory.java INFO  MySqlDaoFactory:80 - Starting JDBC driver registration
2018-10-09 16:13:58 MySqlDaoFactory.java INFO  MySqlDaoFactory:38 - Getting connection...
2018-10-09 16:14:00 MySqlDaoFactory.java INFO  MySqlDaoFactory:40 - Connection done!!!
2018-10-09 16:14:00 AbstractDao.java TRACE AbstractDao:48 - Insert into our DВ..
2018-10-09 16:14:00 AbstractDao.java TRACE AbstractDao:51 - Finish insert our query
2018-10-09 16:14:00 AbstractDao.java TRACE AbstractDao:62 - Find  query in our Db
2018-10-09 16:14:00 AbstractDao.java TRACE AbstractDao:65 - We are puting our query into the objec User
2018-10-09 16:14:00 AbstractDao.java TRACE AbstractDao:71 - Our object is right we returned this object
2018-10-09 16:14:37 MySqlDaoFactory.java INFO  MySqlDaoFactory:69 - Getting db properties from file
2018-10-09 16:14:37 MySqlDaoFactory.java INFO  MySqlDaoFactory:75 - Loading db properties done
2018-10-09 16:14:37 MySqlDaoFactory.java INFO  MySqlDaoFactory:80 - Starting JDBC driver registration
2018-10-09 16:14:37 MySqlDaoFactory.java INFO  MySqlDaoFactory:38 - Getting connection...
2018-10-09 16:14:38 MySqlDaoFactory.java INFO  MySqlDaoFactory:40 - Connection done!!!
2018-10-09 16:14:38 AbstractDao.java TRACE AbstractDao:85 - Find in Db
2018-10-09 16:14:38 AbstractDao.java TRACE AbstractDao:87 - Read with Data Base
2018-10-09 16:14:38 AbstractDao.java TRACE AbstractDao:90 - Created User for returned
2018-10-09 16:16:01 MySqlDaoFactory.java INFO  MySqlDaoFactory:69 - Getting db properties from file
2018-10-09 16:16:01 MySqlDaoFactory.java INFO  MySqlDaoFactory:75 - Loading db properties done
2018-10-09 16:16:01 MySqlDaoFactory.java INFO  MySqlDaoFactory:80 - Starting JDBC driver registration
2018-10-09 16:16:02 MySqlDaoFactory.java INFO  MySqlDaoFactory:38 - Getting connection...
2018-10-09 16:16:03 MySqlDaoFactory.java INFO  MySqlDaoFactory:40 - Connection done!!!
2018-10-09 16:16:03 AbstractDao.java TRACE AbstractDao:124 - Find query in DataBase
2018-10-09 16:16:03 AbstractDao.java TRACE AbstractDao:127 - Query is fined and update
2018-10-09 16:17:45 MySqlDaoFactory.java INFO  MySqlDaoFactory:69 - Getting db properties from file
2018-10-09 16:17:45 MySqlDaoFactory.java INFO  MySqlDaoFactory:75 - Loading db properties done
2018-10-09 16:17:45 MySqlDaoFactory.java INFO  MySqlDaoFactory:80 - Starting JDBC driver registration
2018-10-09 16:17:45 MySqlDaoFactory.java INFO  MySqlDaoFactory:38 - Getting connection...
2018-10-09 16:17:46 MySqlDaoFactory.java INFO  MySqlDaoFactory:40 - Connection done!!!
2018-10-09 16:17:46 AbstractDao.java TRACE AbstractDao:124 - Find query in DataBase
2018-10-09 16:17:46 AbstractDao.java TRACE AbstractDao:127 - Query is fined and update
2018-10-09 16:18:51 MySqlDaoFactory.java INFO  MySqlDaoFactory:69 - Getting db properties from file
2018-10-09 16:18:51 MySqlDaoFactory.java INFO  MySqlDaoFactory:75 - Loading db properties done
2018-10-09 16:18:51 MySqlDaoFactory.java INFO  MySqlDaoFactory:80 - Starting JDBC driver registration
2018-10-09 16:18:51 MySqlDaoFactory.java INFO  MySqlDaoFactory:38 - Getting connection...
2018-10-09 16:18:52 MySqlDaoFactory.java INFO  MySqlDaoFactory:40 - Connection done!!!
2018-10-09 16:18:52 AbstractDao.java TRACE AbstractDao:124 - Find query in DataBase
2018-10-09 16:18:52 AbstractDao.java TRACE AbstractDao:127 - Query is fined and update
2018-10-09 16:19:21 MySqlDaoFactory.java INFO  MySqlDaoFactory:69 - Getting db properties from file
2018-10-09 16:19:21 MySqlDaoFactory.java INFO  MySqlDaoFactory:75 - Loading db properties done
2018-10-09 16:19:21 MySqlDaoFactory.java INFO  MySqlDaoFactory:80 - Starting JDBC driver registration
2018-10-09 16:19:21 MySqlDaoFactory.java INFO  MySqlDaoFactory:38 - Getting connection...
2018-10-09 16:19:22 MySqlDaoFactory.java INFO  MySqlDaoFactory:40 - Connection done!!!
2018-10-09 16:19:22 AbstractDao.java TRACE AbstractDao:124 - Find query in DataBase
2018-10-09 16:19:22 AbstractDao.java TRACE AbstractDao:127 - Query is fined and update
2018-10-09 16:20:34 MySqlDaoFactory.java INFO  MySqlDaoFactory:69 - Getting db properties from file
2018-10-09 16:20:34 MySqlDaoFactory.java INFO  MySqlDaoFactory:75 - Loading db properties done
2018-10-09 16:20:34 MySqlDaoFactory.java INFO  MySqlDaoFactory:80 - Starting JDBC driver registration
2018-10-09 16:20:34 MySqlDaoFactory.java INFO  MySqlDaoFactory:38 - Getting connection...
2018-10-09 16:20:36 MySqlDaoFactory.java INFO  MySqlDaoFactory:40 - Connection done!!!
2018-10-09 16:20:36 AbstractDao.java TRACE AbstractDao:110 - We find query for deleted
2018-10-09 16:20:36 AbstractDao.java TRACE AbstractDao:113 - This query which we find is deleted
2018-10-09 16:24:24 MySqlDaoFactory.java INFO  MySqlDaoFactory:69 - Getting db properties from file
2018-10-09 16:24:24 MySqlDaoFactory.java INFO  MySqlDaoFactory:75 - Loading db properties done
2018-10-09 16:24:24 MySqlDaoFactory.java INFO  MySqlDaoFactory:80 - Starting JDBC driver registration
2018-10-09 16:24:24 MySqlDaoFactory.java INFO  MySqlDaoFactory:38 - Getting connection...
2018-10-09 16:24:25 MySqlDaoFactory.java INFO  MySqlDaoFactory:40 - Connection done!!!
2018-10-09 16:24:25 AbstractDao.java TRACE AbstractDao:124 - Find query in DataBase
2018-10-09 16:24:25 AbstractDao.java TRACE AbstractDao:127 - Query is fined and update
2018-10-09 16:29:54 MySqlDaoFactory.java INFO  MySqlDaoFactory:69 - Getting db properties from file
2018-10-09 16:29:54 MySqlDaoFactory.java INFO  MySqlDaoFactory:75 - Loading db properties done
2018-10-09 16:29:54 MySqlDaoFactory.java INFO  MySqlDaoFactory:80 - Starting JDBC driver registration
2018-10-09 16:29:54 MySqlDaoFactory.java INFO  MySqlDaoFactory:38 - Getting connection...
2018-10-09 16:29:55 MySqlDaoFactory.java INFO  MySqlDaoFactory:40 - Connection done!!!
2018-10-09 16:29:55 AbstractDao.java TRACE AbstractDao:124 - Find query in DataBase
2018-10-09 16:29:55 AbstractDao.java TRACE AbstractDao:129 - We arent is update query in this Db
2018-10-09 16:29:55 AbstractDao.java ERROR AbstractDao:130 - No value specified for parameter 4
2018-10-09 16:34:23 MySqlDaoFactory.java INFO  MySqlDaoFactory:69 - Getting db properties from file
2018-10-09 16:34:23 MySqlDaoFactory.java INFO  MySqlDaoFactory:75 - Loading db properties done
2018-10-09 16:34:23 MySqlDaoFactory.java INFO  MySqlDaoFactory:80 - Starting JDBC driver registration
2018-10-09 16:34:23 MySqlDaoFactory.java INFO  MySqlDaoFactory:38 - Getting connection...
2018-10-09 16:34:24 MySqlDaoFactory.java INFO  MySqlDaoFactory:40 - Connection done!!!
2018-10-09 16:34:24 AbstractDao.java TRACE AbstractDao:124 - Find query in DataBase
2018-10-09 16:34:24 AbstractDao.java TRACE AbstractDao:127 - Query is fined and update
